<?xml version="1.0" encoding="UTF-8"?>
<!-- Generated by org.testng.reporters.JUnitReportReporter -->
<testsuite skipped="0" hostname="Swapnil_Naidu" name="testcases.Test001" tests="1" failures="0" timestamp="2020-01-28T18:56:04 IST" time="7.880" errors="0">
  <testcase name="tc001" time="7.880" classname="testcases.Test001"/>
</testsuite> <!-- testcases.Test001 -->
